<?xml version="1.0" encoding="UTF-8"?>
<!-- Generated by org.testng.reporters.JUnitXMLReporter -->
<testsuite ignored="2" hostname="DESKTOP-1N0VLJU" failures="0" tests="1" name="Default test" time="17.81" errors="0" timestamp="2024-11-26T17:48:41 EET">
  <testcase classname="MyTestCases" name="clickOnAllDigit" time="17.77"/>
  <testcase classname="MyTestCases" name="addTwoNumbers" time="0.0">
    <ignored/>
  </testcase> <!-- addTwoNumbers -->
  <testcase classname="MyTestCases" name="clickOnEvenNumbers" time="0.0">
    <ignored/>
  </testcase> <!-- clickOnEvenNumbers -->
</testsuite> <!-- Default test -->
