<?xml version="1.0" encoding="UTF-8"?>
<!-- Generated by org.testng.reporters.JUnitXMLReporter -->
<testsuite ignored="2" hostname="DESKTOP-1N0VLJU" failures="0" tests="1" name="Default test" time="12.178" errors="0" timestamp="2024-11-26T13:20:44 EET">
  <testcase classname="MyTestCases" name="clickOnEvenNumbers" time="12.141"/>
  <testcase classname="MyTestCases" name="addTwoNumbers" time="0.0">
    <ignored/>
  </testcase> <!-- addTwoNumbers -->
  <testcase classname="MyTestCases" name="addTwoRandomNumbers" time="0.0">
    <ignored/>
  </testcase> <!-- addTwoRandomNumbers -->
</testsuite> <!-- Default test -->
