<?xml version="1.0" encoding="UTF-8"?>
<testng-results ignored="0" total="1" passed="1" failed="0" skipped="0">
  <reporter-output>
  </reporter-output>
  <suite started-at="2024-11-26T00:37:40 EET" name="Default suite" finished-at="2024-11-26T00:38:13 EET" duration-ms="32330">
    <groups>
    </groups>
    <test started-at="2024-11-26T00:37:40 EET" name="Default test" finished-at="2024-11-26T00:38:13 EET" duration-ms="32330">
      <class name="MyTestCases">
        <test-method is-config="true" signature="mySetUp()[pri:0, instance:MyTestCases@7e07db1f]" started-at="2024-11-26T00:37:40 EET" name="mySetUp" finished-at="2024-11-26T00:37:41 EET" duration-ms="64" status="PASS">
          <reporter-output>
          </reporter-output>
        </test-method> <!-- mySetUp -->
        <test-method signature="myFirstTest()[pri:0, instance:MyTestCases@7e07db1f]" started-at="2024-11-26T00:37:41 EET" name="myFirstTest" finished-at="2024-11-26T00:38:13 EET" duration-ms="32220" status="PASS">
          <reporter-output>
          </reporter-output>
        </test-method> <!-- myFirstTest -->
      </class> <!-- MyTestCases -->
    </test> <!-- Default test -->
  </suite> <!-- Default suite -->
</testng-results>
