<?xml version="1.0" encoding="UTF-8"?>
<testng-results ignored="2" total="3" passed="1" failed="0" skipped="0">
  <reporter-output>
  </reporter-output>
  <suite started-at="2024-11-26T18:41:51 EET" name="Default suite" finished-at="2024-11-26T18:42:19 EET" duration-ms="27795">
    <groups>
    </groups>
    <test started-at="2024-11-26T18:41:51 EET" name="Default test" finished-at="2024-11-26T18:42:19 EET" duration-ms="27795">
      <class name="MyTestCases">
        <test-method is-config="true" signature="mySetUp()[pri:0, instance:MyTestCases@1d2adfbe]" started-at="2024-11-26T18:41:51 EET" name="mySetUp" finished-at="2024-11-26T18:41:51 EET" duration-ms="26" status="PASS">
          <reporter-output>
          </reporter-output>
        </test-method> <!-- mySetUp -->
        <test-method signature="clickOnEvenNumbers()[pri:3, instance:MyTestCases@1d2adfbe]" started-at="2024-11-26T18:41:51 EET" name="clickOnEvenNumbers" finished-at="2024-11-26T18:42:19 EET" duration-ms="27718" status="PASS">
          <reporter-output>
          </reporter-output>
        </test-method> <!-- clickOnEvenNumbers -->
      </class> <!-- MyTestCases -->
    </test> <!-- Default test -->
  </suite> <!-- Default suite -->
</testng-results>
